<?xml version="1.0" encoding="UTF-8"?>
<!-- Generated by org.testng.reporters.JUnitXMLReporter -->
<testsuite ignored="0" hostname="LavsLaptop" failures="0" tests="5" name="ChromeTest" time="39.595" errors="0" timestamp="2023-10-27T10:10:34 BST">
  <testcase classname="testCases.TC_003_LoginDDT" name="test_loginDDT" time="1.769"/>
  <testcase classname="testCases.TC_003_LoginDDT" name="test_loginDDT" time="10.675"/>
  <testcase classname="testCases.TC_003_LoginDDT" name="test_loginDDT" time="10.881"/>
  <testcase classname="testCases.TC_003_LoginDDT" name="test_loginDDT" time="10.857"/>
  <testcase classname="testCases.TC_003_LoginDDT" name="test_loginDDT" time="1.686"/>
</testsuite> <!-- ChromeTest -->
