<?xml version="1.0" encoding="UTF-8"?>
<testng-results ignored="0" total="5" passed="5" failed="0" skipped="0">
  <reporter-output>
  </reporter-output>
  <suite started-at="2023-10-27T10:09:54 BST" name="OpencartSuite" finished-at="2023-10-27T10:10:33 BST" duration-ms="39595">
    <groups>
    </groups>
    <test started-at="2023-10-27T10:09:54 BST" name="ChromeTest" finished-at="2023-10-27T10:10:33 BST" duration-ms="39595">
      <class name="testCases.TC_003_LoginDDT">
        <test-method is-config="true" signature="setup(java.lang.String)[pri:0, instance:testCases.TC_003_LoginDDT@2e005c4b]" started-at="2023-10-27T10:09:54 BST" name="setup" finished-at="2023-10-27T10:09:57 BST" duration-ms="2692" status="PASS">
          <params>
            <param index="0">
              <value>
                <![CDATA[chrome]]>
              </value>
            </param>
          </params>
          <reporter-output>
          </reporter-output>
        </test-method> <!-- setup -->
        <test-method signature="test_loginDDT(java.lang.String,java.lang.String,java.lang.String)[pri:0, instance:testCases.TC_003_LoginDDT@2e005c4b]" started-at="2023-10-27T10:09:57 BST" name="test_loginDDT" data-provider="LoginData" finished-at="2023-10-27T10:09:59 BST" duration-ms="1769" status="PASS">
          <params>
            <param index="0">
              <value>
                <![CDATA[lkav.arthapu@gmail.com]]>
              </value>
            </param>
            <param index="1">
              <value>
                <![CDATA[nithin1]]>
              </value>
            </param>
            <param index="2">
              <value>
                <![CDATA[Valid]]>
              </value>
            </param>
          </params>
          <reporter-output>
          </reporter-output>
        </test-method> <!-- test_loginDDT -->
        <test-method signature="test_loginDDT(java.lang.String,java.lang.String,java.lang.String)[pri:0, instance:testCases.TC_003_LoginDDT@2e005c4b]" started-at="2023-10-27T10:09:59 BST" name="test_loginDDT" data-provider="LoginData" finished-at="2023-10-27T10:10:10 BST" duration-ms="10675" status="PASS">
          <params>
            <param index="0">
              <value>
                <![CDATA[lakshmi@yahoo.com]]>
              </value>
            </param>
            <param index="1">
              <value>
                <![CDATA[Laxmi]]>
              </value>
            </param>
            <param index="2">
              <value>
                <![CDATA[Invalid]]>
              </value>
            </param>
          </params>
          <reporter-output>
          </reporter-output>
        </test-method> <!-- test_loginDDT -->
        <test-method signature="test_loginDDT(java.lang.String,java.lang.String,java.lang.String)[pri:0, instance:testCases.TC_003_LoginDDT@2e005c4b]" started-at="2023-10-27T10:10:10 BST" name="test_loginDDT" data-provider="LoginData" finished-at="2023-10-27T10:10:21 BST" duration-ms="10881" status="PASS">
          <params>
            <param index="0">
              <value>
                <![CDATA[laksh@yahoo.com]]>
              </value>
            </param>
            <param index="1">
              <value>
                <![CDATA[Lakshmi]]>
              </value>
            </param>
            <param index="2">
              <value>
                <![CDATA[Invalid]]>
              </value>
            </param>
          </params>
          <reporter-output>
          </reporter-output>
        </test-method> <!-- test_loginDDT -->
        <test-method signature="test_loginDDT(java.lang.String,java.lang.String,java.lang.String)[pri:0, instance:testCases.TC_003_LoginDDT@2e005c4b]" started-at="2023-10-27T10:10:21 BST" name="test_loginDDT" data-provider="LoginData" finished-at="2023-10-27T10:10:32 BST" duration-ms="10857" status="PASS">
          <params>
            <param index="0">
              <value>
                <![CDATA[laks@yahoo.com]]>
              </value>
            </param>
            <param index="1">
              <value>
                <![CDATA[xyz]]>
              </value>
            </param>
            <param index="2">
              <value>
                <![CDATA[Invalid]]>
              </value>
            </param>
          </params>
          <reporter-output>
          </reporter-output>
        </test-method> <!-- test_loginDDT -->
        <test-method signature="test_loginDDT(java.lang.String,java.lang.String,java.lang.String)[pri:0, instance:testCases.TC_003_LoginDDT@2e005c4b]" started-at="2023-10-27T10:10:32 BST" name="test_loginDDT" data-provider="LoginData" finished-at="2023-10-27T10:10:33 BST" duration-ms="1686" status="PASS">
          <params>
            <param index="0">
              <value>
                <![CDATA[lk.avarthapu@gmail.com]]>
              </value>
            </param>
            <param index="1">
              <value>
                <![CDATA[meghana1]]>
              </value>
            </param>
            <param index="2">
              <value>
                <![CDATA[Valid]]>
              </value>
            </param>
          </params>
          <reporter-output>
          </reporter-output>
        </test-method> <!-- test_loginDDT -->
        <test-method is-config="true" signature="tearDown()[pri:0, instance:testCases.TC_003_LoginDDT@2e005c4b]" started-at="2023-10-27T10:10:33 BST" name="tearDown" finished-at="2023-10-27T10:10:33 BST" duration-ms="184" status="PASS">
          <reporter-output>
          </reporter-output>
        </test-method> <!-- tearDown -->
      </class> <!-- testCases.TC_003_LoginDDT -->
    </test> <!-- ChromeTest -->
  </suite> <!-- OpencartSuite -->
</testng-results>
