<?xml version="1.0" encoding="UTF-8"?>
<!-- Generated by org.testng.reporters.JUnitXMLReporter -->
<testsuite ignored="0" hostname="LavsLaptop" failures="0" tests="5" name="ChromeTest" time="39.085" errors="0" timestamp="2023-10-27T08:57:37 BST">
  <testcase classname="testCases.TC_003_LoginDDT" name="test_loginDDT" time="1.231"/>
  <testcase classname="testCases.TC_003_LoginDDT" name="test_loginDDT" time="10.401"/>
  <testcase classname="testCases.TC_003_LoginDDT" name="test_loginDDT" time="10.399"/>
  <testcase classname="testCases.TC_003_LoginDDT" name="test_loginDDT" time="10.42"/>
  <testcase classname="testCases.TC_003_LoginDDT" name="test_loginDDT" time="0.846"/>
</testsuite> <!-- ChromeTest -->
